<?xml version="1.0" encoding="UTF-8"?>
<!-- Generated by org.testng.reporters.JUnitXMLReporter -->
<testsuite hostname="DESKTOP-ILMNV9M" ignored="0" name="t1" tests="4" failures="1" timestamp="12 十二月 2017 03:09:34 GMT" time="168.763" errors="0">
  <testcase name="testBackLogin" time="12.217" classname="CommentManagement.CMhuifuTest"/>
  <testcase name="hf" time="26.373" classname="CommentManagement.CMhuifuTest"/>
  <testcase name="testBackLogin" time="12.223" classname="CommentManagement.CMsearchTest"/>
  <testcase name="sear" time="101.639" classname="CommentManagement.CMsearchTest">
    <failure type="java.lang.AssertionError" message="expected [true] but found [false]">
      <![CDATA[java.lang.AssertionError: expected [true] but found [false]
	at CommentManagement.CMsearchTest.sear(CMsearchTest.java:45)
... Removed 29 stack frames]]>
    </failure>
  </testcase> <!-- sear -->
</testsuite> <!-- t1 -->
