<?xml version="1.0" encoding="UTF-8"?>
<testng-results skipped="0" failed="0" ignored="0" total="2" passed="2">
  <reporter-output>
  </reporter-output>
  <suite name="s1" duration-ms="51369" started-at="2017-12-13T01:48:11Z" finished-at="2017-12-13T01:49:02Z">
    <groups>
    </groups>
    <test name="t1" duration-ms="51369" started-at="2017-12-13T01:48:11Z" finished-at="2017-12-13T01:49:02Z">
      <class name="CommentManagement.CMhuifuTest">
        <test-method status="PASS" signature="doBeforeMethod()[pri:0, instance:CommentManagement.CMhuifuTest@73035e27]" name="doBeforeMethod" is-config="true" duration-ms="10803" started-at="2017-12-13T09:48:11Z" finished-at="2017-12-13T09:48:22Z">
          <reporter-output>
          </reporter-output>
        </test-method> <!-- doBeforeMethod -->
        <test-method status="PASS" signature="testBackLogin()[pri:0, instance:CommentManagement.CMhuifuTest@73035e27]" name="testBackLogin" duration-ms="12201" started-at="2017-12-13T09:48:22Z" finished-at="2017-12-13T09:48:34Z">
          <reporter-output>
          </reporter-output>
        </test-method> <!-- testBackLogin -->
        <test-method status="PASS" signature="hf()[pri:0, instance:CommentManagement.CMhuifuTest@73035e27]" name="hf" duration-ms="27369" started-at="2017-12-13T09:48:34Z" depends-on-methods="CommentManagement.CMhuifuTest.testBackLogin" finished-at="2017-12-13T09:49:01Z">
          <reporter-output>
          </reporter-output>
        </test-method> <!-- hf -->
        <test-method status="PASS" signature="doAfterMethod()[pri:0, instance:CommentManagement.CMhuifuTest@73035e27]" name="doAfterMethod" is-config="true" duration-ms="960" started-at="2017-12-13T09:49:01Z" finished-at="2017-12-13T09:49:02Z">
          <reporter-output>
          </reporter-output>
        </test-method> <!-- doAfterMethod -->
      </class> <!-- CommentManagement.CMhuifuTest -->
    </test> <!-- t1 -->
  </suite> <!-- s1 -->
</testng-results>
